<?xml version="1.0" encoding="UTF-8"?>
<!-- Generated by org.testng.reporters.JUnitXMLReporter -->
<testsuite ignored="2" hostname="DESKTOP-PJIDFBG" failures="0" tests="3" name="Test" time="7.184" errors="0" timestamp="2022-09-12T17:33:48 IST">
  <testcase classname="tests.LoginTest" name="login" time="4.77"/>
  <testcase classname="tests.LoginTest" name="verifyLoginButton" time="0.189"/>
  <testcase classname="tests.HomePageTest" name="logout" time="2.054"/>
  <testcase classname="tests.BaseTest" name="@AfterSuite tearDown" time="0.0">
    <ignored/>
  </testcase> <!-- @AfterSuite tearDown -->
  <testcase classname="tests.BaseTest" name="@BeforeSuite browser" time="0.0">
    <ignored/>
  </testcase> <!-- @BeforeSuite browser -->
</testsuite> <!-- Test -->
