<?xml version="1.0" encoding="UTF-8"?>
<testng-results ignored="2" total="5" passed="3" failed="0" skipped="0">
  <reporter-output>
  </reporter-output>
  <suite started-at="2022-09-12T17:33:41 IST" name="Suite" finished-at="2022-09-12T17:33:48 IST" duration-ms="7184">
    <groups>
    </groups>
    <test started-at="2022-09-12T17:33:41 IST" name="Test" finished-at="2022-09-12T17:33:48 IST" duration-ms="7184">
      <class name="tests.LoginTest">
        <test-method is-config="true" signature="browser()[pri:0, instance:tests.LoginTest@307765b4]" started-at="2022-09-12T17:33:31 IST" name="browser" finished-at="2022-09-12T17:33:41 IST" duration-ms="9896" status="PASS">
          <reporter-output>
          </reporter-output>
        </test-method> <!-- browser -->
        <test-method is-config="true" signature="initObject()[pri:0, instance:tests.LoginTest@307765b4]" started-at="2022-09-12T17:33:41 IST" name="initObject" finished-at="2022-09-12T17:33:41 IST" duration-ms="57" status="PASS">
          <reporter-output>
          </reporter-output>
        </test-method> <!-- initObject -->
        <test-method signature="login()[pri:0, instance:tests.LoginTest@307765b4]" started-at="2022-09-12T17:33:41 IST" name="login" finished-at="2022-09-12T17:33:46 IST" duration-ms="4770" status="PASS">
          <reporter-output>
          </reporter-output>
        </test-method> <!-- login -->
        <test-method signature="verifyLoginButton()[pri:0, instance:tests.LoginTest@307765b4]" started-at="2022-09-12T17:33:46 IST" name="verifyLoginButton" finished-at="2022-09-12T17:33:46 IST" duration-ms="189" status="PASS">
          <reporter-output>
          </reporter-output>
        </test-method> <!-- verifyLoginButton -->
        <test-method is-config="true" signature="tearDown()[pri:0, instance:tests.LoginTest@307765b4]" started-at="2022-09-12T17:33:48 IST" name="tearDown" finished-at="2022-09-12T17:33:48 IST" duration-ms="215" status="PASS">
          <reporter-output>
          </reporter-output>
        </test-method> <!-- tearDown -->
      </class> <!-- tests.LoginTest -->
      <class name="tests.HomePageTest">
        <test-method is-config="true" signature="initObject()[pri:0, instance:tests.HomePageTest@2a76b80a]" started-at="2022-09-12T17:33:46 IST" name="initObject" finished-at="2022-09-12T17:33:46 IST" duration-ms="2" status="PASS">
          <reporter-output>
          </reporter-output>
        </test-method> <!-- initObject -->
        <test-method signature="logout()[pri:0, instance:tests.HomePageTest@2a76b80a]" started-at="2022-09-12T17:33:46 IST" name="logout" finished-at="2022-09-12T17:33:48 IST" duration-ms="2054" status="PASS">
          <reporter-output>
          </reporter-output>
        </test-method> <!-- logout -->
      </class> <!-- tests.HomePageTest -->
    </test> <!-- Test -->
  </suite> <!-- Suite -->
</testng-results>
